<?xml version="1.0" encoding="UTF-8"?>
<testng-results ignored="0" total="2" passed="2" failed="0" skipped="0">
  <reporter-output>
  </reporter-output>
  <suite started-at="2025-01-02T10:44:41 IST" name="Suite" finished-at="2025-01-02T10:44:59 IST" duration-ms="18303">
    <groups>
      <group name="Master">
        <method signature="TC001_AccountRegistrationTest.registertest()[pri:0, instance:testCases.TC001_AccountRegistrationTest@1603cd68]" name="registertest" class="testCases.TC001_AccountRegistrationTest"/>
        <method signature="TC002_LoginTest.logintest()[pri:0, instance:testCases.TC002_LoginTest@332796d3]" name="logintest" class="testCases.TC002_LoginTest"/>
      </group> <!-- Master -->
      <group name="Sanity">
        <method signature="TC001_AccountRegistrationTest.registertest()[pri:0, instance:testCases.TC001_AccountRegistrationTest@1603cd68]" name="registertest" class="testCases.TC001_AccountRegistrationTest"/>
      </group> <!-- Sanity -->
      <group name="Regression">
        <method signature="TC002_LoginTest.logintest()[pri:0, instance:testCases.TC002_LoginTest@332796d3]" name="logintest" class="testCases.TC002_LoginTest"/>
      </group> <!-- Regression -->
    </groups>
    <test started-at="2025-01-02T10:44:41 IST" name="Test" finished-at="2025-01-02T10:44:59 IST" duration-ms="18303">
      <class name="testCases.TC002_LoginTest">
        <test-method is-config="true" signature="setup(java.lang.String,java.lang.String)[pri:0, instance:testCases.TC002_LoginTest@332796d3]" started-at="2025-01-02T10:44:52 IST" name="setup" finished-at="2025-01-02T10:44:55 IST" duration-ms="3618" status="PASS">
          <params>
            <param index="0">
              <value>
                <![CDATA[windows]]>
              </value>
            </param>
            <param index="1">
              <value>
                <![CDATA[chrome]]>
              </value>
            </param>
          </params>
          <reporter-output>
          </reporter-output>
        </test-method> <!-- setup -->
        <test-method signature="logintest()[pri:0, instance:testCases.TC002_LoginTest@332796d3]" started-at="2025-01-02T10:44:55 IST" name="logintest" finished-at="2025-01-02T10:44:59 IST" duration-ms="3269" status="PASS">
          <reporter-output>
          </reporter-output>
        </test-method> <!-- logintest -->
        <test-method is-config="true" signature="teardown()[pri:0, instance:testCases.TC002_LoginTest@332796d3]" started-at="2025-01-02T10:44:59 IST" name="teardown" finished-at="2025-01-02T10:44:59 IST" duration-ms="338" status="PASS">
          <reporter-output>
          </reporter-output>
        </test-method> <!-- teardown -->
      </class> <!-- testCases.TC002_LoginTest -->
      <class name="testCases.TC001_AccountRegistrationTest">
        <test-method is-config="true" signature="setup(java.lang.String,java.lang.String)[pri:0, instance:testCases.TC001_AccountRegistrationTest@1603cd68]" started-at="2025-01-02T10:44:41 IST" name="setup" finished-at="2025-01-02T10:44:46 IST" duration-ms="5120" status="PASS">
          <params>
            <param index="0">
              <value>
                <![CDATA[windows]]>
              </value>
            </param>
            <param index="1">
              <value>
                <![CDATA[chrome]]>
              </value>
            </param>
          </params>
          <reporter-output>
          </reporter-output>
        </test-method> <!-- setup -->
        <test-method signature="registertest()[pri:0, instance:testCases.TC001_AccountRegistrationTest@1603cd68]" started-at="2025-01-02T10:44:46 IST" name="registertest" finished-at="2025-01-02T10:44:51 IST" duration-ms="4904" status="PASS">
          <reporter-output>
          </reporter-output>
        </test-method> <!-- registertest -->
        <test-method is-config="true" signature="teardown()[pri:0, instance:testCases.TC001_AccountRegistrationTest@1603cd68]" started-at="2025-01-02T10:44:51 IST" name="teardown" finished-at="2025-01-02T10:44:52 IST" duration-ms="777" status="PASS">
          <reporter-output>
          </reporter-output>
        </test-method> <!-- teardown -->
      </class> <!-- testCases.TC001_AccountRegistrationTest -->
    </test> <!-- Test -->
  </suite> <!-- Suite -->
</testng-results>
